2021-10-29 10:08:10 [127.0.0.1][1][13c0h0rdpj513i5509ro9spkfi8vil3p][error][yii\base\UnknownPropertyException] yii\base\UnknownPropertyException: Getting unknown property: app\models\Technic::workTypes in D:\OS\OSPanel\domains\avtomig.local\specavtomig\vendor\yiisoft\yii2\base\Component.php:155
Stack trace:
#0 D:\OS\OSPanel\domains\avtomig.local\specavtomig\vendor\yiisoft\yii2\db\BaseActiveRecord.php(298): yii\base\Component->__get('workTypes')
#1 D:\OS\OSPanel\domains\avtomig.local\specavtomig\views\technic\_form.php(21): yii\db\BaseActiveRecord->__get('workTypes')
#2 D:\OS\OSPanel\domains\avtomig.local\specavtomig\vendor\yiisoft\yii2\base\View.php(348): require('D:\\OS\\OSPanel\\d...')
#3 D:\OS\OSPanel\domains\avtomig.local\specavtomig\vendor\yiisoft\yii2\base\View.php(257): yii\base\View->renderPhpFile('D:\\OS\\OSPanel\\d...', Array)
#4 D:\OS\OSPanel\domains\avtomig.local\specavtomig\vendor\yiisoft\yii2\base\View.php(156): yii\base\View->renderFile('D:\\OS\\OSPanel\\d...', Array, NULL)
#5 D:\OS\OSPanel\domains\avtomig.local\specavtomig\views\technic\update.php(11): yii\base\View->render('_form', Array)
#6 D:\OS\OSPanel\domains\avtomig.local\specavtomig\vendor\yiisoft\yii2\base\View.php(348): require('D:\\OS\\OSPanel\\d...')
#7 D:\OS\OSPanel\domains\avtomig.local\specavtomig\vendor\yiisoft\yii2\base\View.php(257): yii\base\View->renderPhpFile('D:\\OS\\OSPanel\\d...', Array)
#8 D:\OS\OSPanel\domains\avtomig.local\specavtomig\vendor\yiisoft\yii2\web\View.php(213): yii\base\View->renderFile('D:\\OS\\OSPanel\\d...', Array, Object(app\controllers\TechnicController))
#9 D:\OS\OSPanel\domains\avtomig.local\specavtomig\vendor\yiisoft\yii2\web\Controller.php(53): yii\web\View->renderAjax('update', Array, Object(app\controllers\TechnicController))
#10 D:\OS\OSPanel\domains\avtomig.local\specavtomig\controllers\TechnicController.php(178): yii\web\Controller->renderAjax('update', Array)
#11 [internal function]: app\controllers\TechnicController->actionUpdate('34')
#12 D:\OS\OSPanel\domains\avtomig.local\specavtomig\vendor\yiisoft\yii2\base\InlineAction.php(57): call_user_func_array(Array, Array)
#13 D:\OS\OSPanel\domains\avtomig.local\specavtomig\vendor\yiisoft\yii2\base\Controller.php(181): yii\base\InlineAction->runWithParams(Array)
#14 D:\OS\OSPanel\domains\avtomig.local\specavtomig\vendor\yiisoft\yii2\base\Module.php(534): yii\base\Controller->runAction('update', Array)
#15 D:\OS\OSPanel\domains\avtomig.local\specavtomig\vendor\yiisoft\yii2\web\Application.php(104): yii\base\Module->runAction('technic/update', Array)
#16 D:\OS\OSPanel\domains\avtomig.local\specavtomig\vendor\yiisoft\yii2\base\Application.php(392): yii\web\Application->handleRequest(Object(yii\web\Request))
#17 D:\OS\OSPanel\domains\avtomig.local\specavtomig\web\index.php(19): yii\base\Application->run()
#18 {main}
2021-10-29 10:08:09 [127.0.0.1][1][13c0h0rdpj513i5509ro9spkfi8vil3p][info][application] $_GET = [
    'id' => '34'
    '_' => '1635490335120'
]

$_POST = []

$_FILES = []

$_COOKIE = [
    '_identity' => 'cec24d4896cc0e02a2bedf92f57118193acb8de5f8b5add3a51155e53c243871a:2:{i:0;s:9:\"_identity\";i:1;s:16:\"[1,null,2592000]\";}'
    'PHPSESSID' => '13c0h0rdpj513i5509ro9spkfi8vil3p'
    '_csrf' => '852690079ee3a9d5b22621250f55ebdd269e513536979b4ff9a8ff6f23668219a:2:{i:0;s:5:\"_csrf\";i:1;s:32:\"fLNLkv6zl9GKfjbJPeFaUAYdZ_swKQTS\";}'
]

$_SESSION = [
    '__flash' => []
    '__returnUrl' => 'http://avtomig/'
    '__id' => 1
    '__authKey' => null
]

$_SERVER = [
    'REDIRECT_STATUS' => '200'
    'HTTP_HOST' => 'avtomig'
    'HTTP_X_REAL_IP' => '127.0.0.1'
    'HTTP_X_FORWARDED_PROTO' => 'http'
    'HTTP_CONNECTION' => 'close'
    'HTTP_USER_AGENT' => 'Mozilla/5.0 (Windows NT 10.0; Win64; x64; rv:93.0) Gecko/20100101 Firefox/93.0'
    'HTTP_ACCEPT' => '*/*'
    'HTTP_ACCEPT_LANGUAGE' => 'ru-RU,ru;q=0.8,en-US;q=0.5,en;q=0.3'
    'HTTP_ACCEPT_ENCODING' => 'gzip, deflate'
    'HTTP_X_CSRF_TOKEN' => '0NKLe_QbgEDUAInDIOERY55IEqMdcU1z1yuW9uIFdVC2nsU3n222Org5zohGi3Mpzi1UwkgwFBeNdOWBqVQhAw=='
    'HTTP_X_REQUESTED_WITH' => 'XMLHttpRequest'
    'HTTP_REFERER' => 'http://avtomig/technic/index?page=2'
    'HTTP_COOKIE' => '_identity=cec24d4896cc0e02a2bedf92f57118193acb8de5f8b5add3a51155e53c243871a%3A2%3A%7Bi%3A0%3Bs%3A9%3A%22_identity%22%3Bi%3A1%3Bs%3A16%3A%22%5B1%2Cnull%2C2592000%5D%22%3B%7D; PHPSESSID=13c0h0rdpj513i5509ro9spkfi8vil3p; _csrf=852690079ee3a9d5b22621250f55ebdd269e513536979b4ff9a8ff6f23668219a%3A2%3A%7Bi%3A0%3Bs%3A5%3A%22_csrf%22%3Bi%3A1%3Bs%3A32%3A%22fLNLkv6zl9GKfjbJPeFaUAYdZ_swKQTS%22%3B%7D'
    'PATH' => 'd:\\os\\ospanel\\modules\\php\\PHP_7.3-x64\\ext;d:\\os\\ospanel\\modules\\php\\PHP_7.3-x64\\pear;d:\\os\\ospanel\\modules\\php\\PHP_7.3-x64\\pear\\bin;d:\\os\\ospanel\\modules\\php\\PHP_7.3-x64;d:\\os\\ospanel\\modules\\wget\\bin;d:\\os\\ospanel\\modules\\git;d:\\os\\ospanel\\modules\\git\\bin;d:\\os\\ospanel\\modules\\git\\mingw\\bin;d:\\os\\ospanel\\modules\\git\\cmd;d:\\os\\ospanel\\modules\\database\\MySQL-5.6-x64\\bin;d:\\os\\ospanel\\modules\\database\\PostgreSQL-9.2-x64\\bin;d:\\os\\ospanel\\modules\\database\\PostgreSQL-9.2-x64\\lib;d:\\os\\ospanel\\modules\\http\\Apache_2.4-PHP_7.2-7.3-x64+Nginx_1.17\\bin;d:\\os\\ospanel\\modules\\http\\Apache_2.4-PHP_7.2-7.3-x64+Nginx_1.17;C:\\WINDOWS\\system32;C:\\WINDOWS;C:\\WINDOWS\\system32\\Wbem;C:\\WINDOWS\\SysWOW64;D:\\Programs\\nodeJs;C:\\Program Files (x86)\\Intel\\iCLS Client\\;C:\\Program Files\\Intel\\iCLS Client\\;C:\\Windows\\system32;C:\\Windows;C:\\Windows\\System32\\Wbem;C:\\Windows\\System32\\WindowsPowerShell\\v1.0\\;C:\\Program Files\\Intel\\Intel(R) Management Engine Components\\DAL;C:\\Program Files\\Intel\\Intel(R) Management Engine Components\\IPT;C:\\Program Files (x86)\\Intel\\Intel(R) Management Engine Components\\DAL;C:\\Program Files (x86)\\Intel\\Intel(R) Management Engine Components\\IPT;C:\\Program Files (x86)\\Intel\\OpenCL SDK\\2.0\\bin\\x86;C:\\Program Files (x86)\\Intel\\OpenCL SDK\\2.0\\bin\\x64;C:\\Program Files (x86)\\NVIDIA Corporation\\PhysX\\Common;C:\\Program Files\\NVIDIA Corporation\\NVIDIA NvDLISR;D:\\Programs\\nodeJs\\;C:\\WINDOWS\\system32;C:\\WINDOWS;C:\\WINDOWS\\System32\\Wbem;C:\\WINDOWS\\System32\\WindowsPowerShell\\v1.0\\;C:\\WINDOWS\\System32\\OpenSSH\\;C:\\Program Files\\Git\\cmd;C:\\Program Files\\Docker\\Docker\\resources\\bin;C:\\ProgramData\\DockerDesktop\\version-bin;C:\\Users\\ahmad\\AppData\\Local\\Programs\\Microsoft VS Code\\bin;C:\\Users\\ahmad\\AppData\\Roaming\\npm;%USERPROFILE%\\AppData\\Local\\Microsoft\\WindowsApps'
    'SystemRoot' => 'C:\\WINDOWS'
    'COMSPEC' => 'C:\\WINDOWS\\system32\\cmd.exe'
    'PATHEXT' => '.COM;.EXE;.BAT;.CMD;.VBS;.VBE;.JS;.JSE;.WSF;.WSH;.MSC'
    'WINDIR' => 'C:\\WINDOWS'
    'SERVER_SIGNATURE' => ''
    'SERVER_SOFTWARE' => 'Apache'
    'SERVER_NAME' => 'avtomig'
    'SERVER_ADDR' => '127.0.0.1'
    'SERVER_PORT' => '80'
    'REMOTE_ADDR' => '127.0.0.1'
    'DOCUMENT_ROOT' => 'D:/OS/OSPanel/domains/avtomig.local/specavtomig/web'
    'REQUEST_SCHEME' => 'http'
    'CONTEXT_PREFIX' => ''
    'CONTEXT_DOCUMENT_ROOT' => 'D:/OS/OSPanel/domains/avtomig.local/specavtomig/web'
    'SERVER_ADMIN' => '[no address given]'
    'SCRIPT_FILENAME' => 'D:/OS/OSPanel/domains/avtomig.local/specavtomig/web/index.php'
    'REMOTE_PORT' => '49859'
    'REDIRECT_URL' => '/technic/update'
    'REDIRECT_QUERY_STRING' => 'id=34&_=1635490335120'
    'GATEWAY_INTERFACE' => 'CGI/1.1'
    'SERVER_PROTOCOL' => 'HTTP/1.0'
    'REQUEST_METHOD' => 'GET'
    'QUERY_STRING' => 'id=34&_=1635490335120'
    'REQUEST_URI' => '/technic/update?id=34&_=1635490335120'
    'SCRIPT_NAME' => '/index.php'
    'PHP_SELF' => '/index.php'
    'REQUEST_TIME_FLOAT' => 1635491289.556
    'REQUEST_TIME' => 1635491289
    'argv' => [
        0 => 'id=34&_=1635490335120'
    ]
    'argc' => 1
]
2021-10-29 10:34:28 [127.0.0.1][1][13c0h0rdpj513i5509ro9spkfi8vil3p][error][Error] Error: Class 'User' not found in D:\OS\OSPanel\domains\avtomig.local\specavtomig\views\bid\index.php:98
Stack trace:
#0 D:\OS\OSPanel\domains\avtomig.local\specavtomig\vendor\yiisoft\yii2\base\View.php(348): require()
#1 D:\OS\OSPanel\domains\avtomig.local\specavtomig\vendor\yiisoft\yii2\base\View.php(257): yii\base\View->renderPhpFile('D:\\OS\\OSPanel\\d...', Array)
#2 D:\OS\OSPanel\domains\avtomig.local\specavtomig\vendor\yiisoft\yii2\base\View.php(156): yii\base\View->renderFile('D:\\OS\\OSPanel\\d...', Array, Object(app\controllers\BidController))
#3 D:\OS\OSPanel\domains\avtomig.local\specavtomig\vendor\yiisoft\yii2\base\Controller.php(410): yii\base\View->render('index', Array, Object(app\controllers\BidController))
#4 D:\OS\OSPanel\domains\avtomig.local\specavtomig\controllers\BidController.php(80): yii\base\Controller->render('index', Array)
#5 [internal function]: app\controllers\BidController->actionIndex()
#6 D:\OS\OSPanel\domains\avtomig.local\specavtomig\vendor\yiisoft\yii2\base\InlineAction.php(57): call_user_func_array(Array, Array)
#7 D:\OS\OSPanel\domains\avtomig.local\specavtomig\vendor\yiisoft\yii2\base\Controller.php(181): yii\base\InlineAction->runWithParams(Array)
#8 D:\OS\OSPanel\domains\avtomig.local\specavtomig\vendor\yiisoft\yii2\base\Module.php(534): yii\base\Controller->runAction('', Array)
#9 D:\OS\OSPanel\domains\avtomig.local\specavtomig\vendor\yiisoft\yii2\web\Application.php(104): yii\base\Module->runAction('bid', Array)
#10 D:\OS\OSPanel\domains\avtomig.local\specavtomig\vendor\yiisoft\yii2\base\Application.php(392): yii\web\Application->handleRequest(Object(yii\web\Request))
#11 D:\OS\OSPanel\domains\avtomig.local\specavtomig\web\index.php(19): yii\base\Application->run()
#12 {main}
2021-10-29 10:34:27 [127.0.0.1][1][13c0h0rdpj513i5509ro9spkfi8vil3p][info][application] $_GET = []

$_POST = []

$_FILES = []

$_COOKIE = [
    '_identity' => 'cec24d4896cc0e02a2bedf92f57118193acb8de5f8b5add3a51155e53c243871a:2:{i:0;s:9:\"_identity\";i:1;s:16:\"[1,null,2592000]\";}'
    'PHPSESSID' => '13c0h0rdpj513i5509ro9spkfi8vil3p'
    '_csrf' => '852690079ee3a9d5b22621250f55ebdd269e513536979b4ff9a8ff6f23668219a:2:{i:0;s:5:\"_csrf\";i:1;s:32:\"fLNLkv6zl9GKfjbJPeFaUAYdZ_swKQTS\";}'
]

$_SESSION = [
    '__flash' => []
    '__returnUrl' => 'http://avtomig/'
    '__id' => 1
    '__authKey' => null
]

$_SERVER = [
    'REDIRECT_STATUS' => '200'
    'HTTP_HOST' => 'avtomig'
    'HTTP_X_REAL_IP' => '127.0.0.1'
    'HTTP_X_FORWARDED_PROTO' => 'http'
    'HTTP_CONNECTION' => 'close'
    'HTTP_USER_AGENT' => 'Mozilla/5.0 (Windows NT 10.0; Win64; x64; rv:93.0) Gecko/20100101 Firefox/93.0'
    'HTTP_ACCEPT' => 'text/html,application/xhtml+xml,application/xml;q=0.9,image/avif,image/webp,*/*;q=0.8'
    'HTTP_ACCEPT_LANGUAGE' => 'ru-RU,ru;q=0.8,en-US;q=0.5,en;q=0.3'
    'HTTP_ACCEPT_ENCODING' => 'gzip, deflate'
    'HTTP_REFERER' => 'http://avtomig/technic/index?page=2'
    'HTTP_COOKIE' => '_identity=cec24d4896cc0e02a2bedf92f57118193acb8de5f8b5add3a51155e53c243871a%3A2%3A%7Bi%3A0%3Bs%3A9%3A%22_identity%22%3Bi%3A1%3Bs%3A16%3A%22%5B1%2Cnull%2C2592000%5D%22%3B%7D; PHPSESSID=13c0h0rdpj513i5509ro9spkfi8vil3p; _csrf=852690079ee3a9d5b22621250f55ebdd269e513536979b4ff9a8ff6f23668219a%3A2%3A%7Bi%3A0%3Bs%3A5%3A%22_csrf%22%3Bi%3A1%3Bs%3A32%3A%22fLNLkv6zl9GKfjbJPeFaUAYdZ_swKQTS%22%3B%7D'
    'HTTP_UPGRADE_INSECURE_REQUESTS' => '1'
    'HTTP_CACHE_CONTROL' => 'max-age=0'
    'PATH' => 'd:\\os\\ospanel\\modules\\php\\PHP_7.3-x64\\ext;d:\\os\\ospanel\\modules\\php\\PHP_7.3-x64\\pear;d:\\os\\ospanel\\modules\\php\\PHP_7.3-x64\\pear\\bin;d:\\os\\ospanel\\modules\\php\\PHP_7.3-x64;d:\\os\\ospanel\\modules\\wget\\bin;d:\\os\\ospanel\\modules\\git;d:\\os\\ospanel\\modules\\git\\bin;d:\\os\\ospanel\\modules\\git\\mingw\\bin;d:\\os\\ospanel\\modules\\git\\cmd;d:\\os\\ospanel\\modules\\database\\MySQL-5.6-x64\\bin;d:\\os\\ospanel\\modules\\database\\PostgreSQL-9.2-x64\\bin;d:\\os\\ospanel\\modules\\database\\PostgreSQL-9.2-x64\\lib;d:\\os\\ospanel\\modules\\http\\Apache_2.4-PHP_7.2-7.3-x64+Nginx_1.17\\bin;d:\\os\\ospanel\\modules\\http\\Apache_2.4-PHP_7.2-7.3-x64+Nginx_1.17;C:\\WINDOWS\\system32;C:\\WINDOWS;C:\\WINDOWS\\system32\\Wbem;C:\\WINDOWS\\SysWOW64;D:\\Programs\\nodeJs;C:\\Program Files (x86)\\Intel\\iCLS Client\\;C:\\Program Files\\Intel\\iCLS Client\\;C:\\Windows\\system32;C:\\Windows;C:\\Windows\\System32\\Wbem;C:\\Windows\\System32\\WindowsPowerShell\\v1.0\\;C:\\Program Files\\Intel\\Intel(R) Management Engine Components\\DAL;C:\\Program Files\\Intel\\Intel(R) Management Engine Components\\IPT;C:\\Program Files (x86)\\Intel\\Intel(R) Management Engine Components\\DAL;C:\\Program Files (x86)\\Intel\\Intel(R) Management Engine Components\\IPT;C:\\Program Files (x86)\\Intel\\OpenCL SDK\\2.0\\bin\\x86;C:\\Program Files (x86)\\Intel\\OpenCL SDK\\2.0\\bin\\x64;C:\\Program Files (x86)\\NVIDIA Corporation\\PhysX\\Common;C:\\Program Files\\NVIDIA Corporation\\NVIDIA NvDLISR;D:\\Programs\\nodeJs\\;C:\\WINDOWS\\system32;C:\\WINDOWS;C:\\WINDOWS\\System32\\Wbem;C:\\WINDOWS\\System32\\WindowsPowerShell\\v1.0\\;C:\\WINDOWS\\System32\\OpenSSH\\;C:\\Program Files\\Git\\cmd;C:\\Program Files\\Docker\\Docker\\resources\\bin;C:\\ProgramData\\DockerDesktop\\version-bin;C:\\Users\\ahmad\\AppData\\Local\\Programs\\Microsoft VS Code\\bin;C:\\Users\\ahmad\\AppData\\Roaming\\npm;%USERPROFILE%\\AppData\\Local\\Microsoft\\WindowsApps'
    'SystemRoot' => 'C:\\WINDOWS'
    'COMSPEC' => 'C:\\WINDOWS\\system32\\cmd.exe'
    'PATHEXT' => '.COM;.EXE;.BAT;.CMD;.VBS;.VBE;.JS;.JSE;.WSF;.WSH;.MSC'
    'WINDIR' => 'C:\\WINDOWS'
    'SERVER_SIGNATURE' => ''
    'SERVER_SOFTWARE' => 'Apache'
    'SERVER_NAME' => 'avtomig'
    'SERVER_ADDR' => '127.0.0.1'
    'SERVER_PORT' => '80'
    'REMOTE_ADDR' => '127.0.0.1'
    'DOCUMENT_ROOT' => 'D:/OS/OSPanel/domains/avtomig.local/specavtomig/web'
    'REQUEST_SCHEME' => 'http'
    'CONTEXT_PREFIX' => ''
    'CONTEXT_DOCUMENT_ROOT' => 'D:/OS/OSPanel/domains/avtomig.local/specavtomig/web'
    'SERVER_ADMIN' => '[no address given]'
    'SCRIPT_FILENAME' => 'D:/OS/OSPanel/domains/avtomig.local/specavtomig/web/index.php'
    'REMOTE_PORT' => '63625'
    'REDIRECT_URL' => '/bid'
    'GATEWAY_INTERFACE' => 'CGI/1.1'
    'SERVER_PROTOCOL' => 'HTTP/1.0'
    'REQUEST_METHOD' => 'GET'
    'QUERY_STRING' => ''
    'REQUEST_URI' => '/bid'
    'SCRIPT_NAME' => '/index.php'
    'PHP_SELF' => '/index.php'
    'REQUEST_TIME_FLOAT' => 1635492867.892
    'REQUEST_TIME' => 1635492867
    'argv' => []
    'argc' => 0
]
2021-10-29 12:42:06 [127.0.0.1][1][13c0h0rdpj513i5509ro9spkfi8vil3p][error][yii\base\ErrorException:8] yii\base\ErrorException: Undefined variable: mkad in D:\OS\OSPanel\domains\avtomig.local\specavtomig\views\bid\_form.php:279
Stack trace:
#0 D:\OS\OSPanel\domains\avtomig.local\specavtomig\views\bid\_form.php(279): yii\web\ErrorHandler->handleError()
#1 D:\OS\OSPanel\domains\avtomig.local\specavtomig\vendor\yiisoft\yii2\base\View.php(348): yii\web\View->unknown()
#2 D:\OS\OSPanel\domains\avtomig.local\specavtomig\vendor\yiisoft\yii2\base\View.php(257): yii\web\View->renderPhpFile()
#3 D:\OS\OSPanel\domains\avtomig.local\specavtomig\vendor\yiisoft\yii2\base\View.php(156): yii\web\View->renderFile()
#4 D:\OS\OSPanel\domains\avtomig.local\specavtomig\views\bid\create.php(12): yii\web\View->render()
#5 D:\OS\OSPanel\domains\avtomig.local\specavtomig\vendor\yiisoft\yii2\base\View.php(348): yii\web\View->unknown()
#6 D:\OS\OSPanel\domains\avtomig.local\specavtomig\vendor\yiisoft\yii2\base\View.php(257): yii\web\View->renderPhpFile()
#7 D:\OS\OSPanel\domains\avtomig.local\specavtomig\vendor\yiisoft\yii2\web\View.php(213): yii\web\View->renderFile()
#8 D:\OS\OSPanel\domains\avtomig.local\specavtomig\vendor\yiisoft\yii2\web\Controller.php(53): yii\web\View->renderAjax()
#9 D:\OS\OSPanel\domains\avtomig.local\specavtomig\controllers\BidController.php(130): app\controllers\BidController->renderAjax()
#10 D:\OS\OSPanel\domains\avtomig.local\specavtomig\vendor\yiisoft\yii2\base\InlineAction.php(57): app\controllers\BidController->actionCreate()
#11 D:\OS\OSPanel\domains\avtomig.local\specavtomig\vendor\yiisoft\yii2\base\InlineAction.php(57): ::call_user_func_array:{D:\OS\OSPanel\domains\avtomig.local\specavtomig\vendor\yiisoft\yii2\base\InlineAction.php:57}()
#12 D:\OS\OSPanel\domains\avtomig.local\specavtomig\vendor\yiisoft\yii2\base\Controller.php(181): yii\base\InlineAction->runWithParams()
#13 D:\OS\OSPanel\domains\avtomig.local\specavtomig\vendor\yiisoft\yii2\base\Module.php(534): app\controllers\BidController->runAction()
#14 D:\OS\OSPanel\domains\avtomig.local\specavtomig\vendor\yiisoft\yii2\web\Application.php(104): yii\web\Application->runAction()
#15 D:\OS\OSPanel\domains\avtomig.local\specavtomig\vendor\yiisoft\yii2\base\Application.php(392): yii\web\Application->handleRequest()
#16 D:\OS\OSPanel\domains\avtomig.local\specavtomig\web\index.php(19): yii\web\Application->run()
#17 {main}
2021-10-29 12:42:05 [127.0.0.1][1][13c0h0rdpj513i5509ro9spkfi8vil3p][info][application] $_GET = [
    '_' => '1635500523077'
]

$_POST = []

$_FILES = []

$_COOKIE = [
    '_identity' => 'cec24d4896cc0e02a2bedf92f57118193acb8de5f8b5add3a51155e53c243871a:2:{i:0;s:9:\"_identity\";i:1;s:16:\"[1,null,2592000]\";}'
    'PHPSESSID' => '13c0h0rdpj513i5509ro9spkfi8vil3p'
    '_csrf' => '852690079ee3a9d5b22621250f55ebdd269e513536979b4ff9a8ff6f23668219a:2:{i:0;s:5:\"_csrf\";i:1;s:32:\"fLNLkv6zl9GKfjbJPeFaUAYdZ_swKQTS\";}'
]

$_SESSION = [
    '__flash' => []
    '__returnUrl' => 'http://avtomig/'
    '__id' => 1
    '__authKey' => null
]

$_SERVER = [
    'REDIRECT_STATUS' => '200'
    'HTTP_HOST' => 'avtomig'
    'HTTP_X_REAL_IP' => '127.0.0.1'
    'HTTP_X_FORWARDED_PROTO' => 'http'
    'HTTP_CONNECTION' => 'close'
    'HTTP_USER_AGENT' => 'Mozilla/5.0 (Windows NT 10.0; Win64; x64; rv:93.0) Gecko/20100101 Firefox/93.0'
    'HTTP_ACCEPT' => '*/*'
    'HTTP_ACCEPT_LANGUAGE' => 'ru-RU,ru;q=0.8,en-US;q=0.5,en;q=0.3'
    'HTTP_ACCEPT_ENCODING' => 'gzip, deflate'
    'HTTP_X_CSRF_TOKEN' => 'dpzhL-xu9-CVEjDjZKi0HsDUtGsWP0EZJtf_rSiHZg4Q0K9jhxjBmvkrd6gCwtZUkLHyCkN-GH18iIzaY9YyXQ=='
    'HTTP_X_REQUESTED_WITH' => 'XMLHttpRequest'
    'HTTP_REFERER' => 'http://avtomig/bid'
    'HTTP_COOKIE' => '_identity=cec24d4896cc0e02a2bedf92f57118193acb8de5f8b5add3a51155e53c243871a%3A2%3A%7Bi%3A0%3Bs%3A9%3A%22_identity%22%3Bi%3A1%3Bs%3A16%3A%22%5B1%2Cnull%2C2592000%5D%22%3B%7D; PHPSESSID=13c0h0rdpj513i5509ro9spkfi8vil3p; _csrf=852690079ee3a9d5b22621250f55ebdd269e513536979b4ff9a8ff6f23668219a%3A2%3A%7Bi%3A0%3Bs%3A5%3A%22_csrf%22%3Bi%3A1%3Bs%3A32%3A%22fLNLkv6zl9GKfjbJPeFaUAYdZ_swKQTS%22%3B%7D'
    'PATH' => 'd:\\os\\ospanel\\modules\\php\\PHP_7.3-x64\\ext;d:\\os\\ospanel\\modules\\php\\PHP_7.3-x64\\pear;d:\\os\\ospanel\\modules\\php\\PHP_7.3-x64\\pear\\bin;d:\\os\\ospanel\\modules\\php\\PHP_7.3-x64;d:\\os\\ospanel\\modules\\wget\\bin;d:\\os\\ospanel\\modules\\git;d:\\os\\ospanel\\modules\\git\\bin;d:\\os\\ospanel\\modules\\git\\mingw\\bin;d:\\os\\ospanel\\modules\\git\\cmd;d:\\os\\ospanel\\modules\\database\\MySQL-5.6-x64\\bin;d:\\os\\ospanel\\modules\\database\\PostgreSQL-9.2-x64\\bin;d:\\os\\ospanel\\modules\\database\\PostgreSQL-9.2-x64\\lib;d:\\os\\ospanel\\modules\\http\\Apache_2.4-PHP_7.2-7.3-x64+Nginx_1.17\\bin;d:\\os\\ospanel\\modules\\http\\Apache_2.4-PHP_7.2-7.3-x64+Nginx_1.17;C:\\WINDOWS\\system32;C:\\WINDOWS;C:\\WINDOWS\\system32\\Wbem;C:\\WINDOWS\\SysWOW64;D:\\Programs\\nodeJs;C:\\Program Files (x86)\\Intel\\iCLS Client\\;C:\\Program Files\\Intel\\iCLS Client\\;C:\\Windows\\system32;C:\\Windows;C:\\Windows\\System32\\Wbem;C:\\Windows\\System32\\WindowsPowerShell\\v1.0\\;C:\\Program Files\\Intel\\Intel(R) Management Engine Components\\DAL;C:\\Program Files\\Intel\\Intel(R) Management Engine Components\\IPT;C:\\Program Files (x86)\\Intel\\Intel(R) Management Engine Components\\DAL;C:\\Program Files (x86)\\Intel\\Intel(R) Management Engine Components\\IPT;C:\\Program Files (x86)\\Intel\\OpenCL SDK\\2.0\\bin\\x86;C:\\Program Files (x86)\\Intel\\OpenCL SDK\\2.0\\bin\\x64;C:\\Program Files (x86)\\NVIDIA Corporation\\PhysX\\Common;C:\\Program Files\\NVIDIA Corporation\\NVIDIA NvDLISR;D:\\Programs\\nodeJs\\;C:\\WINDOWS\\system32;C:\\WINDOWS;C:\\WINDOWS\\System32\\Wbem;C:\\WINDOWS\\System32\\WindowsPowerShell\\v1.0\\;C:\\WINDOWS\\System32\\OpenSSH\\;C:\\Program Files\\Git\\cmd;C:\\Program Files\\Docker\\Docker\\resources\\bin;C:\\ProgramData\\DockerDesktop\\version-bin;C:\\Users\\ahmad\\AppData\\Local\\Programs\\Microsoft VS Code\\bin;C:\\Users\\ahmad\\AppData\\Roaming\\npm;%USERPROFILE%\\AppData\\Local\\Microsoft\\WindowsApps'
    'SystemRoot' => 'C:\\WINDOWS'
    'COMSPEC' => 'C:\\WINDOWS\\system32\\cmd.exe'
    'PATHEXT' => '.COM;.EXE;.BAT;.CMD;.VBS;.VBE;.JS;.JSE;.WSF;.WSH;.MSC'
    'WINDIR' => 'C:\\WINDOWS'
    'SERVER_SIGNATURE' => ''
    'SERVER_SOFTWARE' => 'Apache'
    'SERVER_NAME' => 'avtomig'
    'SERVER_ADDR' => '127.0.0.1'
    'SERVER_PORT' => '80'
    'REMOTE_ADDR' => '127.0.0.1'
    'DOCUMENT_ROOT' => 'D:/OS/OSPanel/domains/avtomig.local/specavtomig/web'
    'REQUEST_SCHEME' => 'http'
    'CONTEXT_PREFIX' => ''
    'CONTEXT_DOCUMENT_ROOT' => 'D:/OS/OSPanel/domains/avtomig.local/specavtomig/web'
    'SERVER_ADMIN' => '[no address given]'
    'SCRIPT_FILENAME' => 'D:/OS/OSPanel/domains/avtomig.local/specavtomig/web/index.php'
    'REMOTE_PORT' => '59126'
    'REDIRECT_URL' => '/bid/create'
    'REDIRECT_QUERY_STRING' => '_=1635500523077'
    'GATEWAY_INTERFACE' => 'CGI/1.1'
    'SERVER_PROTOCOL' => 'HTTP/1.0'
    'REQUEST_METHOD' => 'GET'
    'QUERY_STRING' => '_=1635500523077'
    'REQUEST_URI' => '/bid/create?_=1635500523077'
    'SCRIPT_NAME' => '/index.php'
    'PHP_SELF' => '/index.php'
    'REQUEST_TIME_FLOAT' => 1635500525.733
    'REQUEST_TIME' => 1635500525
    'argv' => [
        0 => '_=1635500523077'
    ]
    'argc' => 1
]
